<?xml version="1.0" encoding="UTF-8"?>
<testsuite xmlns:xsi="http://www.w3.org/2001/XMLSchema-instance" xsi:noNamespaceSchemaLocation="https://maven.apache.org/surefire/maven-surefire-plugin/xsd/surefire-test-report.xsd" version="3.0.2" name="com.remly.remly.RemlyApplicationTests" time="6.964" tests="1" errors="0" skipped="0" failures="0">
  <properties>
[...]
</properties>
  <testcase name="contextLoads" classname="com.remly.remly.RemlyApplicationTests" time="0.53">
    <system-out><![CDATA[01:49:16.501 [main] INFO org.springframework.test.context.support.AnnotationConfigContextLoaderUtils -- Could not detect default configuration classes for test class [com.remly.remly.RemlyApplicationTests]: RemlyApplicationTests does not declare any static, non-private, non-final, nested classes annotated with @Configuration.
01:49:16.641 [main] INFO org.springframework.boot.test.context.SpringBootTestContextBootstrapper -- Found @SpringBootConfiguration com.remly.remly.RemlyApplication for test class com.remly.remly.RemlyApplicationTests
01:49:16.850 [main] INFO org.springframework.boot.devtools.restart.RestartApplicationListener -- Restart disabled due to context in which it is running

  .   ____          _            __ _ _
 /\\ / ___'_ __ _ _(_)_ __  __ _ \ \ \ \
( ( )\___ | '_ | '_| | '_ \/ _` | \ \ \ \
 \\/  ___)| |_)| | | | | || (_| |  ) ) ) )
  '  |____| .__|_| |_|_| |_\__, | / / / /
 =========|_|==============|___/=/_/_/_/

 :: Spring Boot ::                (v3.4.2)

2025-02-17T01:49:17.271+05:30  INFO 76888 --- [Remly] [           main] com.remly.remly.RemlyApplicationTests    : Starting RemlyApplicationTests using Java 22.0.1 with PID 76888 (started by ghaza in C:\Users\ghaza\Downloads\Projects\Remly)
2025-02-17T01:49:17.273+05:30  INFO 76888 --- [Remly] [           main] com.remly.remly.RemlyApplicationTests    : No active profile set, falling back to 1 default profile: "default"
2025-02-17T01:49:18.106+05:30  INFO 76888 --- [Remly] [           main] .s.d.r.c.RepositoryConfigurationDelegate : Bootstrapping Spring Data JPA repositories in DEFAULT mode.
2025-02-17T01:49:18.176+05:30  INFO 76888 --- [Remly] [           main] .s.d.r.c.RepositoryConfigurationDelegate : Finished Spring Data repository scanning in 56 ms. Found 2 JPA repository interfaces.
2025-02-17T01:49:18.756+05:30  INFO 76888 --- [Remly] [           main] o.hibernate.jpa.internal.util.LogHelper  : HHH000204: Processing PersistenceUnitInfo [name: default]
2025-02-17T01:49:18.855+05:30  INFO 76888 --- [Remly] [           main] org.hibernate.Version                    : HHH000412: Hibernate ORM core version 6.6.5.Final
2025-02-17T01:49:18.903+05:30  INFO 76888 --- [Remly] [           main] o.h.c.internal.RegionFactoryInitiator    : HHH000026: Second-level cache disabled
2025-02-17T01:49:19.277+05:30  INFO 76888 --- [Remly] [           main] o.s.o.j.p.SpringPersistenceUnitInfo      : No LoadTimeWeaver setup: ignoring JPA class transformer
2025-02-17T01:49:19.323+05:30  INFO 76888 --- [Remly] [           main] com.zaxxer.hikari.HikariDataSource       : HikariPool-1 - Starting...
2025-02-17T01:49:19.533+05:30  INFO 76888 --- [Remly] [           main] com.zaxxer.hikari.pool.HikariPool        : HikariPool-1 - Added connection org.postgresql.jdbc.PgConnection@7254838
2025-02-17T01:49:19.534+05:30  INFO 76888 --- [Remly] [           main] com.zaxxer.hikari.HikariDataSource       : HikariPool-1 - Start completed.
2025-02-17T01:49:19.578+05:30  WARN 76888 --- [Remly] [           main] org.hibernate.orm.deprecation            : HHH90000025: PostgresPlusDialect does not need to be specified explicitly using 'hibernate.dialect' (remove the property setting and it will be selected by default)
2025-02-17T01:49:19.605+05:30  INFO 76888 --- [Remly] [           main] org.hibernate.orm.connections.pooling    : HHH10001005: Database info:
	Database JDBC URL [Connecting through datasource 'HikariDataSource (HikariPool-1)']
	Database driver: undefined/unknown
	Database version: 16.4
	Autocommit mode: undefined/unknown
	Isolation level: undefined/unknown
	Minimum pool size: undefined/unknown
	Maximum pool size: undefined/unknown
2025-02-17T01:49:20.581+05:30  INFO 76888 --- [Remly] [           main] o.h.e.t.j.p.i.JtaPlatformInitiator       : HHH000489: No JTA platform available (set 'hibernate.transaction.jta.platform' to enable JTA platform integration)
2025-02-17T01:49:20.757+05:30  INFO 76888 --- [Remly] [           main] j.LocalContainerEntityManagerFactoryBean : Initialized JPA EntityManagerFactory for persistence unit 'default'
2025-02-17T01:49:21.070+05:30  INFO 76888 --- [Remly] [           main] o.s.d.j.r.query.QueryEnhancerFactory     : Hibernate is in classpath; If applicable, HQL parser will be used.
2025-02-17T01:49:21.815+05:30  WARN 76888 --- [Remly] [           main] JpaBaseConfiguration$JpaWebConfiguration : spring.jpa.open-in-view is enabled by default. Therefore, database queries may be performed during view rendering. Explicitly configure spring.jpa.open-in-view to disable this warning
2025-02-17T01:49:22.688+05:30  INFO 76888 --- [Remly] [           main] com.remly.remly.RemlyApplicationTests    : Started RemlyApplicationTests in 5.853 seconds (process running for 7.186)
]]></system-out>
    <system-err><![CDATA[Mockito is currently self-attaching to enable the inline-mock-maker. This will no longer work in future releases of the JDK. Please add Mockito as an agent to your build what is described in Mockito's documentation: https://javadoc.io/doc/org.mockito/mockito-core/latest/org/mockito/Mockito.html#0.3
WARNING: A Java agent has been loaded dynamically (C:\Users\ghaza\.m2\repository\net\bytebuddy\byte-buddy-agent\1.15.11\byte-buddy-agent-1.15.11.jar)
WARNING: If a serviceability tool is in use, please run with -XX:+EnableDynamicAgentLoading to hide this warning
WARNING: If a serviceability tool is not in use, please run with -Djdk.instrument.traceUsage for more information
WARNING: Dynamic loading of agents will be disallowed by default in a future release
]]></system-err>
  </testcase>
</testsuite>